2025-02-06 00:23:32,908 INFO o.a.j.u.JMeterUtils: Setting Locale to en_EN
2025-02-06 00:23:32,937 INFO o.a.j.JMeter: Loading user properties from: E:\JMeter\apache-jmeter-5.6.3\bin\user.properties
2025-02-06 00:23:32,937 INFO o.a.j.JMeter: Loading system properties from: E:\JMeter\apache-jmeter-5.6.3\bin\system.properties
2025-02-06 00:23:32,946 INFO o.a.j.JMeter: Copyright (c) 1998-2024 The Apache Software Foundation
2025-02-06 00:23:32,946 INFO o.a.j.JMeter: Version 5.6.3
2025-02-06 00:23:32,946 INFO o.a.j.JMeter: java.version=23.0.2
2025-02-06 00:23:32,946 INFO o.a.j.JMeter: java.vm.name=Java HotSpot(TM) 64-Bit Server VM
2025-02-06 00:23:32,946 INFO o.a.j.JMeter: os.name=Windows 11
2025-02-06 00:23:32,946 INFO o.a.j.JMeter: os.arch=amd64
2025-02-06 00:23:32,947 INFO o.a.j.JMeter: os.version=10.0
2025-02-06 00:23:32,947 INFO o.a.j.JMeter: file.encoding=UTF-8
2025-02-06 00:23:32,947 INFO o.a.j.JMeter: java.awt.headless=true
2025-02-06 00:23:32,947 INFO o.a.j.JMeter: Max memory     =1073741824
2025-02-06 00:23:32,947 INFO o.a.j.JMeter: Available Processors =12
2025-02-06 00:23:32,963 INFO o.a.j.JMeter: Default Locale=English (EN)
2025-02-06 00:23:32,964 INFO o.a.j.JMeter: JMeter  Locale=English (EN)
2025-02-06 00:23:32,964 INFO o.a.j.JMeter: JMeterHome=E:\JMeter\apache-jmeter-5.6.3
2025-02-06 00:23:32,964 INFO o.a.j.JMeter: user.dir  =E:\Sanber63-JMeter
2025-02-06 00:23:32,964 INFO o.a.j.JMeter: PWD       =E:\Sanber63-JMeter
2025-02-06 00:23:32,966 INFO o.a.j.JMeter: IP: 192.168.1.7 Name: MSI FullName: MSI
2025-02-06 00:23:32,990 INFO o.a.j.JMeter: Setting property 'jmeter.reportgenerator.outputdir' to:'E:\Sanber63-JMeter\graph-stress-test'
2025-02-06 00:23:32,993 INFO o.a.j.r.d.ReportGenerator: ReportGenerator will use for Parsing the separator: ','
2025-02-06 00:23:32,993 ERROR o.a.j.JMeter: An error occurred: 
java.lang.IllegalArgumentException: Cannot read test results file : graph-stress-test.jtl
	at org.apache.jmeter.report.dashboard.ReportGenerator.<init>(ReportGenerator.java:134) ~[ApacheJMeter_core.jar:5.6.3]
	at org.apache.jmeter.JMeter.start(JMeter.java:484) [ApacheJMeter_core.jar:5.6.3]
	at java.base/jdk.internal.reflect.DirectMethodHandleAccessor.invoke(DirectMethodHandleAccessor.java:103) ~[?:?]
	at java.base/java.lang.reflect.Method.invoke(Method.java:580) ~[?:?]
	at org.apache.jmeter.NewDriver.main(NewDriver.java:259) [ApacheJMeter.jar:5.6.3]
